<?xml version="1.0" encoding="UTF-8"?>
<!-- Generated by org.testng.reporters.JUnitReportReporter -->
<testsuite hostname="DESKTOP-IVTHCAK" failures="0" tests="2" name="Test.FeeModule" time="176.099" errors="1" timestamp="2022-11-24T14:53:21 PST" skipped="1">
  <testcase classname="Test.FeeModule" name="doLoginOperation" time="176.099">
    <error message="An element could not be located on the page using the given search parameters.
For documentation on this error, please visit: https://selenium.dev/exceptions/#no_such_element
Build info: version: &#039;4.6.0&#039;, revision: &#039;79f1c02ae20&#039;
System info: os.name: &#039;Windows 10&#039;, os.arch: &#039;amd64&#039;, os.version: &#039;10.0&#039;, java.version: &#039;17.0.3&#039;
Driver info: io.appium.java_client.android.AndroidDriver
Command: [5a6f69d3-86f7-443c-ba54-ccba7c3962ba, findElement {using=xpath, value=//*[@text=&#039;RESTART AULAS&#039;]}]
Capabilities {appium:app: C:\Users\Brigosha_Guest\Doc..., appium:appPackage: com.classroom.aulas, appium:automationName: UIAutomator2, appium:chromedriverExecutable: C:\Users\Brigosha_Guest\Doc..., appium:databaseEnabled: false, appium:desired: {app: C:\Users\Brigosha_Guest\Doc..., automationName: UIAutomator2, chromedriverExecutable: C:\Users\Brigosha_Guest\Doc..., deviceName: realme RMX3381, platformName: android}, appium:deviceApiLevel: 31, appium:deviceManufacturer: realme, appium:deviceModel: RMX3381, appium:deviceName: 9TZ95H8XQSDAGYFU, appium:deviceScreenDensity: 480, appium:deviceScreenSize: 1080x2400, appium:deviceUDID: 9TZ95H8XQSDAGYFU, appium:javascriptEnabled: true, appium:locationContextEnabled: false, appium:networkConnectionEnabled: true, appium:pixelRatio: 3, appium:platformVersion: 12, appium:statBarHeight: 110, appium:takesScreenshot: true, appium:viewportRect: {height: 2048, left: 0, top: 110, width: 1080}, appium:warnings: {}, appium:webStorageEnabled: false, platformName: ANDROID}
Session ID: 5a6f69d3-86f7-443c-ba54-ccba7c3962ba" type="org.openqa.selenium.NoSuchElementException">
      <![CDATA[org.openqa.selenium.NoSuchElementException: An element could not be located on the page using the given search parameters.
For documentation on this error, please visit: https://selenium.dev/exceptions/#no_such_element
Build info: version: '4.6.0', revision: '79f1c02ae20'
System info: os.name: 'Windows 10', os.arch: 'amd64', os.version: '10.0', java.version: '17.0.3'
Driver info: io.appium.java_client.android.AndroidDriver
Command: [5a6f69d3-86f7-443c-ba54-ccba7c3962ba, findElement {using=xpath, value=//*[@text='RESTART AULAS']}]
Capabilities {appium:app: C:\Users\Brigosha_Guest\Doc..., appium:appPackage: com.classroom.aulas, appium:automationName: UIAutomator2, appium:chromedriverExecutable: C:\Users\Brigosha_Guest\Doc..., appium:databaseEnabled: false, appium:desired: {app: C:\Users\Brigosha_Guest\Doc..., automationName: UIAutomator2, chromedriverExecutable: C:\Users\Brigosha_Guest\Doc..., deviceName: realme RMX3381, platformName: android}, appium:deviceApiLevel: 31, appium:deviceManufacturer: realme, appium:deviceModel: RMX3381, appium:deviceName: 9TZ95H8XQSDAGYFU, appium:deviceScreenDensity: 480, appium:deviceScreenSize: 1080x2400, appium:deviceUDID: 9TZ95H8XQSDAGYFU, appium:javascriptEnabled: true, appium:locationContextEnabled: false, appium:networkConnectionEnabled: true, appium:pixelRatio: 3, appium:platformVersion: 12, appium:statBarHeight: 110, appium:takesScreenshot: true, appium:viewportRect: {height: 2048, left: 0, top: 110, width: 1080}, appium:warnings: {}, appium:webStorageEnabled: false, platformName: ANDROID}
Session ID: 5a6f69d3-86f7-443c-ba54-ccba7c3962ba
at java.base/jdk.internal.reflect.NativeConstructorAccessorImpl.newInstance0(Native Method)
at java.base/jdk.internal.reflect.NativeConstructorAccessorImpl.newInstance(NativeConstructorAccessorImpl.java:77)
at java.base/jdk.internal.reflect.DelegatingConstructorAccessorImpl.newInstance(DelegatingConstructorAccessorImpl.java:45)
at java.base/java.lang.reflect.Constructor.newInstanceWithCaller(Constructor.java:499)
at java.base/java.lang.reflect.Constructor.newInstance(Constructor.java:480)
at org.openqa.selenium.remote.codec.w3c.W3CHttpResponseCodec.createException(W3CHttpResponseCodec.java:200)
at org.openqa.selenium.remote.codec.w3c.W3CHttpResponseCodec.decode(W3CHttpResponseCodec.java:133)
at org.openqa.selenium.remote.codec.w3c.W3CHttpResponseCodec.decode(W3CHttpResponseCodec.java:53)
at org.openqa.selenium.remote.HttpCommandExecutor.execute(HttpCommandExecutor.java:184)
at io.appium.java_client.remote.AppiumCommandExecutor.execute(AppiumCommandExecutor.java:180)
at org.openqa.selenium.remote.RemoteWebDriver.execute(RemoteWebDriver.java:541)
at org.openqa.selenium.remote.ElementLocation$ElementFinder$2.findElement(ElementLocation.java:162)
at org.openqa.selenium.remote.ElementLocation.findElement(ElementLocation.java:60)
at org.openqa.selenium.remote.RemoteWebDriver.findElement(RemoteWebDriver.java:365)
at org.openqa.selenium.remote.RemoteWebDriver.findElement(RemoteWebDriver.java:357)
at Pages.LoginPage.checkUpdates(LoginPage.java:118)
at Test.FeeModule.doLoginOperation(FeeModule.java:36)
at java.base/jdk.internal.reflect.NativeMethodAccessorImpl.invoke0(Native Method)
at java.base/jdk.internal.reflect.NativeMethodAccessorImpl.invoke(NativeMethodAccessorImpl.java:77)
at java.base/jdk.internal.reflect.DelegatingMethodAccessorImpl.invoke(DelegatingMethodAccessorImpl.java:43)
at java.base/java.lang.reflect.Method.invoke(Method.java:568)
at org.testng.internal.invokers.MethodInvocationHelper.invokeMethod(MethodInvocationHelper.java:139)
at org.testng.internal.invokers.MethodInvocationHelper.invokeMethodConsideringTimeout(MethodInvocationHelper.java:69)
at org.testng.internal.invokers.ConfigInvoker.invokeConfigurationMethod(ConfigInvoker.java:361)
at org.testng.internal.invokers.ConfigInvoker.invokeConfigurations(ConfigInvoker.java:296)
at org.testng.SuiteRunner.privateRun(SuiteRunner.java:372)
at org.testng.SuiteRunner.run(SuiteRunner.java:330)
at org.testng.SuiteRunnerWorker.runSuite(SuiteRunnerWorker.java:52)
at org.testng.SuiteRunnerWorker.run(SuiteRunnerWorker.java:95)
at org.testng.TestNG.runSuitesSequentially(TestNG.java:1256)
at org.testng.TestNG.runSuitesLocally(TestNG.java:1176)
at org.testng.TestNG.runSuites(TestNG.java:1099)
at org.testng.TestNG.run(TestNG.java:1067)
at org.testng.remote.AbstractRemoteTestNG.run(AbstractRemoteTestNG.java:115)
at org.testng.remote.RemoteTestNG.initAndRun(RemoteTestNG.java:251)
at org.testng.remote.RemoteTestNG.main(RemoteTestNG.java:77)
]]>
    </error>
  </testcase> <!-- doLoginOperation -->
  <system-out/>
  <testcase classname="Test.FeeModule" name="generatePaymentRequest" time="0.000">
    <skipped/>
  </testcase> <!-- generatePaymentRequest -->
  <system-out/>
</testsuite> <!-- Test.FeeModule -->
